[ 2017-04-17T15:11:53+08:00 ] ::1 /index.php/Admin/Index/index
NOTIC: [8] Undefined index: admin_avatar /Users/wangyu/Documents/php/project/MetLife-CRM/data/runtime/Cache/Admin/eaaaa69a3a7994270bfd9e5a4028ad15.php 第 106 行.

[ 2017-04-17T15:39:52+08:00 ] ::1 /index.php/Admin/Client/client_list.html
ERR: 模板不存在:./app/Admin/View/Client/client_list.html

[ 2017-04-17T15:39:58+08:00 ] ::1 /index.php/Admin/Client/client_list.html
ERR: 模板不存在:./app/Admin/View/Client/client_list.html

[ 2017-04-17T15:40:04+08:00 ] ::1 /index.php/Admin/Client/client_list.html
ERR: 模板不存在:./app/Admin/View/Client/client_list.html

[ 2017-04-17T15:40:13+08:00 ] ::1 /index.php/Admin/Client/client_list.html
ERR: 模板不存在:./app/Admin/View/Client/client_list.html

[ 2017-04-17T15:40:22+08:00 ] ::1 /index.php/Admin/Client/client_list.html
ERR: 模板不存在:./app/Admin/View/Client/client_list.html

[ 2017-04-17T15:40:30+08:00 ] ::1 /index.php/Admin/Client/client_list.html
ERR: 模板不存在:./app/Admin/View/Client/client_list.html

[ 2017-04-17T15:40:38+08:00 ] ::1 /index.php/Admin/Client/client_list.html
ERR: 模板不存在:./app/Admin/View/Client/client_list.html

[ 2017-04-17T15:40:46+08:00 ] ::1 /index.php/Admin/Client/client_list.html
ERR: 模板不存在:./app/Admin/View/Client/client_list.html

[ 2017-04-17T15:40:54+08:00 ] ::1 /index.php/Admin/Client/client_list.html
ERR: 模板不存在:./app/Admin/View/Client/client_list.html

[ 2017-04-17T15:41:02+08:00 ] ::1 /index.php/Admin/Client/client_list.html
ERR: 模板不存在:./app/Admin/View/Client/client_list.html

[ 2017-04-17T15:41:10+08:00 ] ::1 /index.php/Admin/Client/client_list.html
ERR: 模板不存在:./app/Admin/View/Client/client_list.html

[ 2017-04-17T15:41:18+08:00 ] ::1 /index.php/Admin/Client/client_list.html
ERR: 模板不存在:./app/Admin/View/Client/client_list.html

[ 2017-04-17T15:41:26+08:00 ] ::1 /index.php/Admin/Client/client_list.html
ERR: 模板不存在:./app/Admin/View/Client/client_list.html

[ 2017-04-17T15:41:34+08:00 ] ::1 /index.php/Admin/Client/client_list.html
ERR: 模板不存在:./app/Admin/View/Client/client_list.html

[ 2017-04-17T15:41:42+08:00 ] ::1 /index.php/Admin/Client/client_list.html
ERR: 模板不存在:./app/Admin/View/Client/client_list.html

[ 2017-04-17T15:41:50+08:00 ] ::1 /index.php/Admin/Client/client_list.html
ERR: 模板不存在:./app/Admin/View/Client/client_list.html

[ 2017-04-17T15:41:58+08:00 ] ::1 /index.php/Admin/Client/client_list.html
ERR: 模板不存在:./app/Admin/View/Client/client_list.html

[ 2017-04-17T15:42:06+08:00 ] ::1 /index.php/Admin/Client/client_list.html
ERR: 模板不存在:./app/Admin/View/Client/client_list.html

[ 2017-04-17T15:42:14+08:00 ] ::1 /index.php/Admin/Client/client_list.html
ERR: 模板不存在:./app/Admin/View/Client/client_list.html

[ 2017-04-17T15:42:22+08:00 ] ::1 /index.php/Admin/Client/client_list.html
ERR: 模板不存在:./app/Admin/View/Client/client_list.html

[ 2017-04-17T15:42:30+08:00 ] ::1 /index.php/Admin/Client/client_list.html
ERR: 模板不存在:./app/Admin/View/Client/client_list.html

[ 2017-04-17T15:42:38+08:00 ] ::1 /index.php/Admin/Client/client_list.html
ERR: 模板不存在:./app/Admin/View/Client/client_list.html

[ 2017-04-17T15:42:46+08:00 ] ::1 /index.php/Admin/Client/client_list.html
ERR: 模板不存在:./app/Admin/View/Client/client_list.html

[ 2017-04-17T16:10:29+08:00 ] ::1 /index.php/Admin/Sys/clear.html
NOTIC: [2] session_start(): Cannot send session cache limiter - headers already sent /Users/wangyu/Documents/php/project/MetLife-CRM/ThinkPHP/Common/functions.php 第 1438 行.
NOTIC: [2] Cannot modify header information - headers already sent /Users/wangyu/Documents/php/project/MetLife-CRM/ThinkPHP/Library/Think/Controller.class.php 第 236 行.

[ 2017-04-17T16:10:32+08:00 ] ::1 /index.php/Admin/Sys/clear.html
NOTIC: [2] session_start(): Cannot send session cache limiter - headers already sent /Users/wangyu/Documents/php/project/MetLife-CRM/ThinkPHP/Common/functions.php 第 1438 行.
NOTIC: [2] Cannot modify header information - headers already sent /Users/wangyu/Documents/php/project/MetLife-CRM/ThinkPHP/Library/Think/Controller.class.php 第 236 行.

[ 2017-04-17T16:24:11+08:00 ] ::1 /index.php/Admin/Sys/clear.html
NOTIC: [2] session_start(): Cannot send session cache limiter - headers already sent /Users/wangyu/Documents/php/project/MetLife-CRM/ThinkPHP/Common/functions.php 第 1438 行.
NOTIC: [2] Cannot modify header information - headers already sent /Users/wangyu/Documents/php/project/MetLife-CRM/ThinkPHP/Library/Think/Controller.class.php 第 236 行.

[ 2017-04-17T16:34:32+08:00 ] ::1 /index.php/Admin/Member/member_list.html
ERR: 1054:Unknown column 'member_list_username' in 'where clause'
 [ SQL语句 ] : SELECT COUNT(*) AS tp_count FROM `crm_member_list` WHERE `member_list_username` LIKE '%%' OR `member_list_email` LIKE '%%' LIMIT 1  

[ 2017-04-17T16:34:38+08:00 ] ::1 /index.php/Admin/Member/member_list.html
ERR: 1054:Unknown column 'member_list_username' in 'where clause'
 [ SQL语句 ] : SELECT COUNT(*) AS tp_count FROM `crm_member_list` WHERE `member_list_username` LIKE '%%' OR `member_list_email` LIKE '%%' LIMIT 1  

[ 2017-04-17T16:34:43+08:00 ] ::1 /index.php/Admin/Member/member_list.html
ERR: 1054:Unknown column 'member_list_username' in 'where clause'
 [ SQL语句 ] : SELECT COUNT(*) AS tp_count FROM `crm_member_list` WHERE `member_list_username` LIKE '%%' OR `member_list_email` LIKE '%%' LIMIT 1  

[ 2017-04-17T16:34:49+08:00 ] ::1 /index.php/Admin/Member/member_list.html
ERR: 1054:Unknown column 'member_list_username' in 'where clause'
 [ SQL语句 ] : SELECT COUNT(*) AS tp_count FROM `crm_member_list` WHERE `member_list_username` LIKE '%%' OR `member_list_email` LIKE '%%' LIMIT 1  

[ 2017-04-17T16:34:58+08:00 ] ::1 /index.php/Admin/Member/member_list.html
ERR: 1054:Unknown column 'member_list_username' in 'where clause'
 [ SQL语句 ] : SELECT COUNT(*) AS tp_count FROM `crm_member_list` WHERE `member_list_username` LIKE '%%' OR `member_list_email` LIKE '%%' LIMIT 1  

[ 2017-04-17T16:35:05+08:00 ] ::1 /index.php/Admin/Member/member_list.html
ERR: 1054:Unknown column 'member_list_username' in 'where clause'
 [ SQL语句 ] : SELECT COUNT(*) AS tp_count FROM `crm_member_list` WHERE `member_list_username` LIKE '%%' OR `member_list_email` LIKE '%%' LIMIT 1  

[ 2017-04-17T16:35:14+08:00 ] ::1 /index.php/Admin/Member/member_list.html
ERR: 1054:Unknown column 'member_list_username' in 'where clause'
 [ SQL语句 ] : SELECT COUNT(*) AS tp_count FROM `crm_member_list` WHERE `member_list_username` LIKE '%%' OR `member_list_email` LIKE '%%' LIMIT 1  

[ 2017-04-17T16:35:21+08:00 ] ::1 /index.php/Admin/Member/member_list.html
ERR: 1054:Unknown column 'member_list_username' in 'where clause'
 [ SQL语句 ] : SELECT COUNT(*) AS tp_count FROM `crm_member_list` WHERE `member_list_username` LIKE '%%' OR `member_list_email` LIKE '%%' LIMIT 1  

[ 2017-04-17T16:35:28+08:00 ] ::1 /index.php/Admin/Member/member_list.html
ERR: 1054:Unknown column 'member_list_username' in 'where clause'
 [ SQL语句 ] : SELECT COUNT(*) AS tp_count FROM `crm_member_list` WHERE `member_list_username` LIKE '%%' OR `member_list_email` LIKE '%%' LIMIT 1  

[ 2017-04-17T16:35:37+08:00 ] ::1 /index.php/Admin/Member/member_list.html
ERR: 1054:Unknown column 'member_list_username' in 'where clause'
 [ SQL语句 ] : SELECT COUNT(*) AS tp_count FROM `crm_member_list` WHERE `member_list_username` LIKE '%%' OR `member_list_email` LIKE '%%' LIMIT 1  

[ 2017-04-17T16:35:45+08:00 ] ::1 /index.php/Admin/Member/member_list.html
ERR: 1054:Unknown column 'member_list_username' in 'where clause'
 [ SQL语句 ] : SELECT COUNT(*) AS tp_count FROM `crm_member_list` WHERE `member_list_username` LIKE '%%' OR `member_list_email` LIKE '%%' LIMIT 1  

[ 2017-04-17T16:35:53+08:00 ] ::1 /index.php/Admin/Member/member_list.html
ERR: 1054:Unknown column 'member_list_username' in 'where clause'
 [ SQL语句 ] : SELECT COUNT(*) AS tp_count FROM `crm_member_list` WHERE `member_list_username` LIKE '%%' OR `member_list_email` LIKE '%%' LIMIT 1  

[ 2017-04-17T16:35:59+08:00 ] ::1 /index.php/Admin/Member/member_list.html
ERR: 1054:Unknown column 'member_list_username' in 'where clause'
 [ SQL语句 ] : SELECT COUNT(*) AS tp_count FROM `crm_member_list` WHERE `member_list_username` LIKE '%%' OR `member_list_email` LIKE '%%' LIMIT 1  

[ 2017-04-17T16:36:06+08:00 ] ::1 /index.php/Admin/Member/member_list.html
ERR: 1054:Unknown column 'member_list_username' in 'where clause'
 [ SQL语句 ] : SELECT COUNT(*) AS tp_count FROM `crm_member_list` WHERE `member_list_username` LIKE '%%' OR `member_list_email` LIKE '%%' LIMIT 1  

[ 2017-04-17T16:36:12+08:00 ] ::1 /index.php/Admin/Member/member_list.html
ERR: 1054:Unknown column 'member_list_username' in 'where clause'
 [ SQL语句 ] : SELECT COUNT(*) AS tp_count FROM `crm_member_list` WHERE `member_list_username` LIKE '%%' OR `member_list_email` LIKE '%%' LIMIT 1  

[ 2017-04-17T16:36:18+08:00 ] ::1 /index.php/Admin/Member/member_list.html
ERR: 1054:Unknown column 'member_list_username' in 'where clause'
 [ SQL语句 ] : SELECT COUNT(*) AS tp_count FROM `crm_member_list` WHERE `member_list_username` LIKE '%%' OR `member_list_email` LIKE '%%' LIMIT 1  

[ 2017-04-17T16:36:24+08:00 ] ::1 /index.php/Admin/Member/member_list.html
ERR: 1054:Unknown column 'member_list_username' in 'where clause'
 [ SQL语句 ] : SELECT COUNT(*) AS tp_count FROM `crm_member_list` WHERE `member_list_username` LIKE '%%' OR `member_list_email` LIKE '%%' LIMIT 1  

[ 2017-04-17T16:36:31+08:00 ] ::1 /index.php/Admin/Member/member_list.html
ERR: 1054:Unknown column 'member_list_username' in 'where clause'
 [ SQL语句 ] : SELECT COUNT(*) AS tp_count FROM `crm_member_list` WHERE `member_list_username` LIKE '%%' OR `member_list_email` LIKE '%%' LIMIT 1  

[ 2017-04-17T16:36:39+08:00 ] ::1 /index.php/Admin/Member/member_list.html
ERR: 1054:Unknown column 'member_list_username' in 'where clause'
 [ SQL语句 ] : SELECT COUNT(*) AS tp_count FROM `crm_member_list` WHERE `member_list_username` LIKE '%%' OR `member_list_email` LIKE '%%' LIMIT 1  

[ 2017-04-17T16:36:47+08:00 ] ::1 /index.php/Admin/Member/member_list.html
ERR: 1054:Unknown column 'member_list_username' in 'where clause'
 [ SQL语句 ] : SELECT COUNT(*) AS tp_count FROM `crm_member_list` WHERE `member_list_username` LIKE '%%' OR `member_list_email` LIKE '%%' LIMIT 1  

[ 2017-04-17T16:36:56+08:00 ] ::1 /index.php/Admin/Member/member_list.html
ERR: 1054:Unknown column 'member_list_username' in 'where clause'
 [ SQL语句 ] : SELECT COUNT(*) AS tp_count FROM `crm_member_list` WHERE `member_list_username` LIKE '%%' OR `member_list_email` LIKE '%%' LIMIT 1  

[ 2017-04-17T17:02:19+08:00 ] ::1 /index.php/Admin/Sys/clear.html
NOTIC: [2] session_start(): Cannot send session cache limiter - headers already sent /Users/wangyu/Documents/php/project/MetLife-CRM/ThinkPHP/Common/functions.php 第 1438 行.
NOTIC: [2] Cannot modify header information - headers already sent /Users/wangyu/Documents/php/project/MetLife-CRM/ThinkPHP/Library/Think/Controller.class.php 第 236 行.

[ 2017-04-17T17:08:13+08:00 ] ::1 /index.php/Admin/Sys/clear.html
NOTIC: [2] session_start(): Cannot send session cache limiter - headers already sent /Users/wangyu/Documents/php/project/MetLife-CRM/ThinkPHP/Common/functions.php 第 1438 行.
NOTIC: [2] Cannot modify header information - headers already sent /Users/wangyu/Documents/php/project/MetLife-CRM/ThinkPHP/Library/Think/Controller.class.php 第 236 行.

